c:\safari\mqsim_fine_grained_mapping_reference\x64\release\vc142.pdb
c:\safari\mqsim_fine_grained_mapping_reference\x64\release\physical_page_address.obj
c:\safari\mqsim_fine_grained_mapping_reference\x64\release\page.obj
c:\safari\mqsim_fine_grained_mapping_reference\x64\release\flash_chip.obj
c:\safari\mqsim_fine_grained_mapping_reference\x64\release\die.obj
c:\safari\mqsim_fine_grained_mapping_reference\x64\release\block.obj
c:\safari\mqsim_fine_grained_mapping_reference\x64\release\main.obj
c:\safari\mqsim_fine_grained_mapping_reference\x64\release\sata_hba.obj
c:\safari\mqsim_fine_grained_mapping_reference\x64\release\pcie_switch.obj
c:\safari\mqsim_fine_grained_mapping_reference\x64\release\pcie_root_complex.obj
c:\safari\mqsim_fine_grained_mapping_reference\x64\release\pcie_link.obj
c:\safari\mqsim_fine_grained_mapping_reference\x64\release\io_flow_trace_based.obj
c:\safari\mqsim_fine_grained_mapping_reference\x64\release\io_flow_synthetic.obj
c:\safari\mqsim_fine_grained_mapping_reference\x64\release\io_flow_base.obj
c:\safari\mqsim_fine_grained_mapping_reference\x64\release\ssd_device.obj
c:\safari\mqsim_fine_grained_mapping_reference\x64\release\io_flow_parameter_set.obj
c:\safari\mqsim_fine_grained_mapping_reference\x64\release\host_system.obj
c:\safari\mqsim_fine_grained_mapping_reference\x64\release\host_parameter_set.obj
c:\safari\mqsim_fine_grained_mapping_reference\x64\release\flash_parameter_set.obj
c:\safari\mqsim_fine_grained_mapping_reference\x64\release\execution_parameter_set.obj
c:\safari\mqsim_fine_grained_mapping_reference\x64\release\device_parameter_set.obj
c:\safari\mqsim_fine_grained_mapping_reference\x64\release\host_interface_sata.obj
c:\safari\mqsim_fine_grained_mapping_reference\x64\release\host_interface_nvme.obj
c:\safari\mqsim_fine_grained_mapping_reference\x64\release\host_interface_base.obj
c:\safari\mqsim_fine_grained_mapping_reference\x64\release\gc_and_wl_unit_page_level.obj
c:\safari\mqsim_fine_grained_mapping_reference\x64\release\gc_and_wl_unit_base.obj
c:\safari\mqsim_fine_grained_mapping_reference\x64\release\ftl.obj
c:\safari\mqsim_fine_grained_mapping_reference\x64\release\flash_transaction_queue.obj
c:\safari\mqsim_fine_grained_mapping_reference\x64\release\flash_block_manager_base.obj
c:\safari\mqsim_fine_grained_mapping_reference\x64\release\flash_block_manager.obj
c:\safari\mqsim_fine_grained_mapping_reference\x64\release\data_cache_manager_flash_simple.obj
c:\safari\mqsim_fine_grained_mapping_reference\x64\release\data_cache_manager_flash_advanced.obj
c:\safari\mqsim_fine_grained_mapping_reference\x64\release\data_cache_manager_base.obj
c:\safari\mqsim_fine_grained_mapping_reference\x64\release\data_cache_flash.obj
c:\safari\mqsim_fine_grained_mapping_reference\x64\release\controller.obj
c:\safari\mqsim_fine_grained_mapping_reference\x64\release\address_mapping_unit_page_level.obj
c:\safari\mqsim_fine_grained_mapping_reference\x64\release\address_mapping_unit_hybrid.obj
c:\safari\mqsim_fine_grained_mapping_reference\x64\release\address_mapping_unit_base.obj
c:\safari\mqsim_fine_grained_mapping_reference\x64\release\eventtree.obj
c:\safari\mqsim_fine_grained_mapping_reference\x64\release\engine.obj
c:\safari\mqsim_fine_grained_mapping_reference\x64\release\plane.obj
c:\safari\mqsim_fine_grained_mapping_reference\x64\release\randomgenerator.obj
c:\safari\mqsim_fine_grained_mapping_reference\x64\release\logical_address_partitioning_unit.obj
c:\safari\mqsim_fine_grained_mapping_reference\x64\release\helper_functions.obj
c:\safari\mqsim_fine_grained_mapping_reference\x64\release\cmrrandomgenerator.obj
c:\safari\mqsim_fine_grained_mapping_reference\x64\release\user_request.obj
c:\safari\mqsim_fine_grained_mapping_reference\x64\release\tsu_outoforder.obj
c:\safari\mqsim_fine_grained_mapping_reference\x64\release\tsu_flin.obj
c:\safari\mqsim_fine_grained_mapping_reference\x64\release\tsu_base.obj
c:\safari\mqsim_fine_grained_mapping_reference\x64\release\stats.obj
c:\safari\mqsim_fine_grained_mapping_reference\x64\release\queue_probe.obj
c:\safari\mqsim_fine_grained_mapping_reference\x64\release\onfi_channel_nvddr2.obj
c:\safari\mqsim_fine_grained_mapping_reference\x64\release\onfi_channel_base.obj
c:\safari\mqsim_fine_grained_mapping_reference\x64\release\nvm_transaction_flash_wr.obj
c:\safari\mqsim_fine_grained_mapping_reference\x64\release\nvm_transaction_flash_rd.obj
c:\safari\mqsim_fine_grained_mapping_reference\x64\release\nvm_transaction_flash_er.obj
c:\safari\mqsim_fine_grained_mapping_reference\x64\release\nvm_transaction_flash.obj
c:\safari\mqsim_fine_grained_mapping_reference\x64\release\nvm_phy_onfi_nvddr2.obj
c:\safari\mqsim_fine_grained_mapping_reference\x64\release\nvm_phy_onfi.obj
c:\safari\mqsim_fine_grained_mapping_reference\x64\release\nvm_phy_base.obj
c:\safari\mqsim_fine_grained_mapping_reference\x64\release\nvm_firmware.obj
c:\safari\mqsim_fine_grained_mapping_reference\x64\release\xmlwriter.obj
c:\safari\mqsim_fine_grained_mapping_reference\x64\release\stringtools.obj
c:\safari\mqsim_fine_grained_mapping_reference\mqsim.exe
c:\safari\mqsim_fine_grained_mapping_reference\x64\release\mqsim.ipdb
c:\safari\mqsim_fine_grained_mapping_reference\x64\release\mqsim.iobj
c:\safari\mqsim_fine_grained_mapping_reference\mqsim.pdb
c:\safari\mqsim_fine_grained_mapping_reference\\mqsim.pdb
c:\safari\mqsim_fine_grained_mapping_reference\x64\release\mqsim.tlog\cl.command.1.tlog
c:\safari\mqsim_fine_grained_mapping_reference\x64\release\mqsim.tlog\cl.read.1.tlog
c:\safari\mqsim_fine_grained_mapping_reference\x64\release\mqsim.tlog\cl.write.1.tlog
c:\safari\mqsim_fine_grained_mapping_reference\x64\release\mqsim.tlog\link.command.1.tlog
c:\safari\mqsim_fine_grained_mapping_reference\x64\release\mqsim.tlog\link.read.1.tlog
c:\safari\mqsim_fine_grained_mapping_reference\x64\release\mqsim.tlog\link.write.1.tlog
